[0/4][0]:./mpi_checkargs:
[0/4][1]:=/work/5901246.jms/home/amano=:
[0/4][2]:=/work/5901246.jms/data/amano=:
[0/4][3]:=/work/5901246.jms/home/amano/riccjob-examples/mpc/FTL-vars-check=:
[0/4][4]:=5901246.jms=:
[0/4][5]:==:
[0/4][6]:==:
[0/4][7]:f:
[1/4][0]:./mpi_checkargs:
[1/4][1]:=/work/5901246.jms/home/amano=:
[1/4][2]:=/work/5901246.jms/data/amano=:
[1/4][3]:=/work/5901246.jms/home/amano/riccjob-examples/mpc/FTL-vars-check=:
[1/4][4]:=5901246.jms=:
[1/4][5]:==:
[1/4][6]:==:
[1/4][7]:f:
[3/4][0]:./mpi_checkargs:
[3/4][1]:=/work/5901246.jms/home/amano=:
[3/4][2]:=/work/5901246.jms/data/amano=:
[3/4][3]:=/work/5901246.jms/home/amano/riccjob-examples/mpc/FTL-vars-check=:
[3/4][4]:=5901246.jms=:
[3/4][5]:==:
[3/4][6]:==:
[3/4][7]:f:
[2/4][0]:./mpi_checkargs:
[2/4][1]:=/work/5901246.jms/home/amano=:
[2/4][2]:=/work/5901246.jms/data/amano=:
[2/4][3]:=/work/5901246.jms/home/amano/riccjob-examples/mpc/FTL-vars-check=:
[2/4][4]:=5901246.jms=:
[2/4][5]:==:
[2/4][6]:==:
[2/4][7]:f:
